2018-07-21 08:20:19,485 INFO  [org.jboss.modules] (main) JBoss Modules version 1.8.5.Final
2018-07-21 08:20:21,327 INFO  [org.jboss.msc] (main) JBoss MSC version 1.4.2.Final
2018-07-21 08:20:21,341 INFO  [org.jboss.threads] (main) JBoss Threads version 2.3.2.Final
2018-07-21 08:20:21,809 INFO  [org.jboss.as] (MSC service thread 1-2) WFLYSRV0049: WildFly Full 13.0.0.Final (WildFly Core 5.0.0.Final) starting
2018-07-21 08:20:21,811 DEBUG [org.jboss.as.config] (MSC service thread 1-2) Configured system properties:
	awt.toolkit = sun.awt.X11.XToolkit
	file.encoding = UTF-8
	file.encoding.pkg = sun.io
	file.separator = /
	java.awt.graphicsenv = sun.awt.X11GraphicsEnvironment
	java.awt.headless = true
	java.awt.printerjob = sun.print.PSPrinterJob
	java.class.path = /home/matheus/Dev/server/wildfly-13.0.0.Final/jboss-modules.jar:/usr/lib/jvm/java-11-openjdk-amd64/lib/jrt-fs.jar
	java.class.version = 54.0
	java.home = /usr/lib/jvm/java-11-openjdk-amd64
	java.io.tmpdir = /tmp
	java.library.path = /usr/java/packages/lib:/usr/lib/x86_64-linux-gnu/jni:/lib/x86_64-linux-gnu:/usr/lib/x86_64-linux-gnu:/usr/lib/jni:/lib:/usr/lib
	java.net.preferIPv4Stack = true
	java.runtime.name = OpenJDK Runtime Environment
	java.runtime.version = 10.0.1+10-Ubuntu-3ubuntu1
	java.specification.name = Java Platform API Specification
	java.specification.vendor = Oracle Corporation
	java.specification.version = 10
	java.util.logging.manager = org.jboss.logmanager.LogManager
	java.vendor = Oracle Corporation
	java.vendor.url = http://java.oracle.com/
	java.vendor.url.bug = http://bugreport.java.com/bugreport/
	java.version = 10.0.1
	java.version.date = 2018-04-17
	java.vm.compressedOopsMode = 32-bit
	java.vm.info = mixed mode
	java.vm.name = OpenJDK 64-Bit Server VM
	java.vm.specification.name = Java Virtual Machine Specification
	java.vm.specification.vendor = Oracle Corporation
	java.vm.specification.version = 10
	java.vm.vendor = Oracle Corporation
	java.vm.version = 10.0.1+10-Ubuntu-3ubuntu1
	javax.management.builder.initial = org.jboss.as.jmx.PluggableMBeanServerBuilder
	jboss.bind.address = localhost
	jboss.bind.address.management = localhost
	jboss.home.dir = /home/matheus/Dev/server/wildfly-13.0.0.Final
	jboss.host.name = matheus-x450ld
	jboss.modules.dir = /home/matheus/Dev/server/wildfly-13.0.0.Final/modules
	jboss.modules.system.pkgs = org.jboss.byteman
	jboss.node.name = matheus-x450ld
	jboss.qualified.host.name = matheus-x450ld
	jboss.server.base.dir = /home/matheus/Dev/server/wildfly-13.0.0.Final/standalone
	jboss.server.config.dir = /home/matheus/Dev/server/wildfly-13.0.0.Final/standalone/configuration
	jboss.server.data.dir = /home/matheus/Dev/server/wildfly-13.0.0.Final/standalone/data
	jboss.server.deploy.dir = /home/matheus/Dev/server/wildfly-13.0.0.Final/standalone/data/content
	jboss.server.log.dir = /home/matheus/Dev/server/wildfly-13.0.0.Final/standalone/log
	jboss.server.name = matheus-x450ld
	jboss.server.persist.config = true
	jboss.server.temp.dir = /home/matheus/Dev/server/wildfly-13.0.0.Final/standalone/tmp
	jdk.debug = release
	line.separator = 

	logging.configuration = file:/home/matheus/Dev/server/wildfly-13.0.0.Final/standalone/configuration/logging.properties
	module.path = /home/matheus/Dev/server/wildfly-13.0.0.Final/modules
	org.jboss.boot.log.file = /home/matheus/Dev/server/wildfly-13.0.0.Final/standalone/log/boot.log
	org.jboss.logmanager.nocolor = true
	org.jboss.resolver.warning = true
	os.arch = amd64
	os.name = Linux
	os.version = 4.15.0-23-generic
	path.separator = :
	program.name = JBossTools: WildFly 13
	sun.arch.data.model = 64
	sun.boot.library.path = /usr/lib/jvm/java-11-openjdk-amd64/lib
	sun.cpu.endian = little
	sun.cpu.isalist = 
	sun.desktop = gnome
	sun.io.unicode.encoding = UnicodeLittle
	sun.java.command = org.jboss.modules.Main -mp /home/matheus/Dev/server/wildfly-13.0.0.Final/modules org.jboss.as.standalone -b localhost --server-config=standalone.xml -Djboss.server.base.dir=/home/matheus/Dev/server/wildfly-13.0.0.Final/standalone
	sun.java.launcher = SUN_STANDARD
	sun.jnu.encoding = UTF-8
	sun.management.compiler = HotSpot 64-Bit Tiered Compilers
	sun.os.patch.level = unknown
	sun.rmi.dgc.client.gcInterval = 3600000
	sun.rmi.dgc.server.gcInterval = 3600000
	user.country = BR
	user.dir = /home/matheus/Dev/server/wildfly-13.0.0.Final/bin
	user.home = /home/matheus
	user.language = pt
	user.name = matheus
	user.timezone = America/Rio_Branco
2018-07-21 08:20:21,814 DEBUG [org.jboss.as.config] (MSC service thread 1-2) VM Arguments: -Dprogram.name=JBossTools: WildFly 13 -Xms64m -Xmx512m -Dorg.jboss.resolver.warning=true -Djava.net.preferIPv4Stack=true -Dsun.rmi.dgc.client.gcInterval=3600000 -Dsun.rmi.dgc.server.gcInterval=3600000 -Djboss.modules.system.pkgs=org.jboss.byteman -Djava.awt.headless=true -Dorg.jboss.boot.log.file=/home/matheus/Dev/server/wildfly-13.0.0.Final/standalone/log/boot.log -Dlogging.configuration=file:/home/matheus/Dev/server/wildfly-13.0.0.Final/standalone/configuration/logging.properties -Djboss.home.dir=/home/matheus/Dev/server/wildfly-13.0.0.Final -Dorg.jboss.logmanager.nocolor=true -Djboss.bind.address.management=localhost -Dfile.encoding=UTF-8 
2018-07-21 08:20:30,488 INFO  [org.jboss.as.controller.management-deprecated] (Controller Boot Thread) WFLYCTL0028: Attribute 'security-realm' in the resource at address '/core-service=management/management-interface=http-interface' is deprecated, and may be removed in a future version. See the attribute description in the output of the read-resource-description operation to learn more about the deprecation.
2018-07-21 08:20:30,589 INFO  [org.jboss.as.controller.management-deprecated] (ServerService Thread Pool -- 6) WFLYCTL0028: Attribute 'security-realm' in the resource at address '/subsystem=undertow/server=default-server/https-listener=https' is deprecated, and may be removed in a future version. See the attribute description in the output of the read-resource-description operation to learn more about the deprecation.
2018-07-21 08:20:30,584 INFO  [org.wildfly.security] (ServerService Thread Pool -- 17) ELY00001: WildFly Elytron version 1.3.3.Final
2018-07-21 08:20:30,639 INFO  [org.jboss.as.server.deployment.scanner] (DeploymentScanner-threads - 1) WFLYDS0004: Found Bank-ear.ear in deployment directory. To trigger deployment create a file called Bank-ear.ear.dodeploy
2018-07-21 08:20:30,853 INFO  [org.jboss.as.server] (Controller Boot Thread) WFLYSRV0039: Creating http management service using socket-binding (management-http)
2018-07-21 08:20:30,910 INFO  [org.xnio] (MSC service thread 1-3) XNIO version 3.6.3.Final
2018-07-21 08:20:30,938 INFO  [org.xnio.nio] (MSC service thread 1-3) XNIO NIO Implementation Version 3.6.3.Final
